<?xml version="1.0" encoding="UTF-8"?>
<testng-results ignored="0" total="1" passed="1" failed="0" skipped="0">
  <reporter-output>
  </reporter-output>
  <suite started-at="2022-06-03T18:03:44 EDT" name="Default suite" finished-at="2022-06-03T18:04:07 EDT" duration-ms="22403">
    <groups>
    </groups>
    <test started-at="2022-06-03T18:03:44 EDT" name="Default test" finished-at="2022-06-03T18:04:07 EDT" duration-ms="22403">
      <class name="test.AddContactTest">
        <test-method signature="validUserShouldBeAbleToAddCustomer()[pri:0, instance:test.AddContactTest@77eca502]" started-at="2022-06-03T18:03:44 EDT" name="validUserShouldBeAbleToAddCustomer" finished-at="2022-06-03T18:04:07 EDT" duration-ms="22229" status="PASS">
          <reporter-output>
          </reporter-output>
        </test-method> <!-- validUserShouldBeAbleToAddCustomer -->
      </class> <!-- test.AddContactTest -->
    </test> <!-- Default test -->
  </suite> <!-- Default suite -->
</testng-results>
